<?xml version="1.0" encoding="UTF-8"?>
<testsuite xmlns:xsi="http://www.w3.org/2001/XMLSchema-instance" xsi:noNamespaceSchemaLocation="https://maven.apache.org/surefire/maven-surefire-plugin/xsd/surefire-test-report.xsd" version="3.0.1" name="com.fbp.engine.runner.MqttIntegrationTest" time="15.919" tests="4" errors="0" skipped="0" failures="0">
  <properties>
[...]
</properties>
  <testcase name="testSubscriberToPublisherPipeline" classname="com.fbp.engine.runner.MqttIntegrationTest" time="2.804">
    <system-out><![CDATA[15:45:16.989 [main] INFO com.fbp.engine.core.FlowEngine -- [Engine] 플로우 'flow-1' 등록됨
15:45:17.310 [MQTT Call: sub-1-1776753916987] INFO com.fbp.engine.node.impl.MqttSubscriberNode -- [sub] MQTT Broker 연결 완료
15:45:17.311 [main] INFO com.fbp.engine.node.ProtocolNode -- [sub] 연결 성공
15:45:17.315 [main] INFO com.fbp.engine.node.impl.MqttPublisherNode -- [pub] MQTT Broker(tcp://localhost:1883) 연결 시도
15:45:17.632 [main] INFO com.fbp.engine.node.impl.MqttPublisherNode -- [pub] MQTT Broker 연결 완료 (Publisher)
15:45:17.633 [main] INFO com.fbp.engine.node.ProtocolNode -- [pub] 연결 성공
15:45:17.633 [main] INFO com.fbp.engine.core.FlowEngine -- [Engine] 플로우 'flow-1' 시작됨
[transform] processing message
[pub] processing message
15:45:19.145 [MQTT Call: sub-1-1776753916987] INFO com.fbp.engine.node.impl.MqttSubscriberNode -- [sub] 메시지 수신 및 전송 완료: Message(id=8980c7e8-c4a2-427f-803b-1beb5c6c0215, payload={data=123, topic=test/in, mqttTimestamp=1776753919145}, timestamp=1776753919145)
]]></system-out>
  </testcase>
  <testcase name="testMultiTopicSubscription" classname="com.fbp.engine.runner.MqttIntegrationTest" time="4.358">
    <system-out><![CDATA[15:45:19.778 [main] INFO com.fbp.engine.core.FlowEngine -- [Engine] 플로우 'flow-2' 등록됨
15:45:20.097 [MQTT Call: sub-2-1776753919778] INFO com.fbp.engine.node.impl.MqttSubscriberNode -- [sub] MQTT Broker 연결 완료
15:45:20.098 [main] INFO com.fbp.engine.node.ProtocolNode -- [sub] 연결 성공
15:45:20.099 [main] INFO com.fbp.engine.core.FlowEngine -- [Engine] 플로우 'flow-2' 시작됨
[collector] processing message
15:45:21.610 [MQTT Call: sub-2-1776753919778] INFO com.fbp.engine.node.impl.MqttSubscriberNode -- [sub] 메시지 수신 및 전송 완료: Message(id=9318b4d0-4228-4e86-bd73-cf9c032bb6c4, payload={value=20, topic=multi_test_1776753919777/temp, mqttTimestamp=1776753921610}, timestamp=1776753921610)
15:45:21.611 [MQTT Call: sub-2-1776753919778] INFO com.fbp.engine.node.impl.MqttSubscriberNode -- [sub] 메시지 수신 및 전송 완료: Message(id=0aaf84ad-f502-4487-a108-f692b38521b3, payload={value=50, topic=multi_test_1776753919777/humidity, mqttTimestamp=1776753921611}, timestamp=1776753921611)
[collector] processing message
]]></system-out>
  </testcase>
  <testcase name="testQos1DeliveryGuarantee" classname="com.fbp.engine.runner.MqttIntegrationTest" time="4.386">
    <system-out><![CDATA[15:45:24.151 [main] INFO com.fbp.engine.core.FlowEngine -- [Engine] 플로우 'flow-3' 등록됨
15:45:24.473 [MQTT Call: sub-3-1776753924151] INFO com.fbp.engine.node.impl.MqttSubscriberNode -- [sub] MQTT Broker 연결 완료
15:45:24.474 [main] INFO com.fbp.engine.node.ProtocolNode -- [sub] 연결 성공
15:45:24.474 [main] INFO com.fbp.engine.core.FlowEngine -- [Engine] 플로우 'flow-3' 시작됨
[collector] processing message
15:45:25.982 [MQTT Call: sub-3-1776753924151] INFO com.fbp.engine.node.impl.MqttSubscriberNode -- [sub] 메시지 수신 및 전송 완료: Message(id=e4c2b413-c4f4-4313-9890-b10a7a78c4f4, payload={topic=qos1/test/1776753924150, mqttTimestamp=1776753925981, id=0}, timestamp=1776753925982)
15:45:25.983 [MQTT Call: sub-3-1776753924151] INFO com.fbp.engine.node.impl.MqttSubscriberNode -- [sub] 메시지 수신 및 전송 완료: Message(id=3ba203e9-b006-4266-8f8b-aabec08ab3c9, payload={topic=qos1/test/1776753924150, mqttTimestamp=1776753925982, id=1}, timestamp=1776753925983)
[collector] processing message
[collector] processing message
15:45:25.983 [MQTT Call: sub-3-1776753924151] INFO com.fbp.engine.node.impl.MqttSubscriberNode -- [sub] 메시지 수신 및 전송 완료: Message(id=e212675a-1486-45e1-b210-95861aef062b, payload={topic=qos1/test/1776753924150, mqttTimestamp=1776753925983, id=2}, timestamp=1776753925983)
[collector] processing message
15:45:25.984 [MQTT Call: sub-3-1776753924151] INFO com.fbp.engine.node.impl.MqttSubscriberNode -- [sub] 메시지 수신 및 전송 완료: Message(id=588574a5-55ea-46f2-8c25-ad924cea4497, payload={topic=qos1/test/1776753924150, mqttTimestamp=1776753925984, id=3}, timestamp=1776753925984)
[collector] processing message
15:45:25.986 [MQTT Call: sub-3-1776753924151] INFO com.fbp.engine.node.impl.MqttSubscriberNode -- [sub] 메시지 수신 및 전송 완료: Message(id=4fdb4188-618b-401e-97e2-593b35887994, payload={topic=qos1/test/1776753924150, mqttTimestamp=1776753925986, id=4}, timestamp=1776753925986)
[collector] processing message
15:45:25.987 [MQTT Call: sub-3-1776753924151] INFO com.fbp.engine.node.impl.MqttSubscriberNode -- [sub] 메시지 수신 및 전송 완료: Message(id=a174b6db-9477-4958-9a09-efc31f3da43d, payload={topic=qos1/test/1776753924150, mqttTimestamp=1776753925987, id=5}, timestamp=1776753925987)
[collector] processing message
15:45:25.988 [MQTT Call: sub-3-1776753924151] INFO com.fbp.engine.node.impl.MqttSubscriberNode -- [sub] 메시지 수신 및 전송 완료: Message(id=d4af3427-05d7-4f72-b933-b12d0d4b5b44, payload={topic=qos1/test/1776753924150, mqttTimestamp=1776753925988, id=6}, timestamp=1776753925988)
15:45:25.990 [MQTT Call: sub-3-1776753924151] INFO com.fbp.engine.node.impl.MqttSubscriberNode -- [sub] 메시지 수신 및 전송 완료: Message(id=1b128dd5-0a77-4a05-a706-3d4b8f83f676, payload={topic=qos1/test/1776753924150, mqttTimestamp=1776753925990, id=7}, timestamp=1776753925990)
[collector] processing message
15:45:25.991 [MQTT Call: sub-3-1776753924151] INFO com.fbp.engine.node.impl.MqttSubscriberNode -- [sub] 메시지 수신 및 전송 완료: Message(id=d95d7662-c44c-4460-bcbb-ee40a7c44323, payload={topic=qos1/test/1776753924150, mqttTimestamp=1776753925991, id=8}, timestamp=1776753925991)
[collector] processing message
[collector] processing message
15:45:25.993 [MQTT Call: sub-3-1776753924151] INFO com.fbp.engine.node.impl.MqttSubscriberNode -- [sub] 메시지 수신 및 전송 완료: Message(id=c2ec5847-376e-40ba-b620-273a7e512eb5, payload={topic=qos1/test/1776753924150, mqttTimestamp=1776753925993, id=9}, timestamp=1776753925993)
]]></system-out>
  </testcase>
  <testcase name="testReconnection" classname="com.fbp.engine.runner.MqttIntegrationTest" time="4.366">
    <system-out><![CDATA[15:45:28.532 [main] INFO com.fbp.engine.core.FlowEngine -- [Engine] 플로우 'flow-4' 등록됨
15:45:28.855 [MQTT Call: sub-4-1776753928531] INFO com.fbp.engine.node.impl.MqttSubscriberNode -- [sub] MQTT Broker 연결 완료
15:45:28.856 [main] INFO com.fbp.engine.node.ProtocolNode -- [sub] 연결 성공
15:45:28.857 [main] INFO com.fbp.engine.core.FlowEngine -- [Engine] 플로우 'flow-4' 시작됨
[collector] processing message
15:45:30.364 [MQTT Call: sub-4-1776753928531] INFO com.fbp.engine.node.impl.MqttSubscriberNode -- [sub] 메시지 수신 및 전송 완료: Message(id=ccac37e6-8021-4773-b33d-2af143e343c7, payload={topic=reconnect/test, mqttTimestamp=1776753930364, status=ok}, timestamp=1776753930364)
]]></system-out>
  </testcase>
</testsuite>