<?xml version="1.0" encoding="UTF-8"?>
<testsuite xmlns:xsi="http://www.w3.org/2001/XMLSchema-instance" xsi:noNamespaceSchemaLocation="https://maven.apache.org/surefire/maven-surefire-plugin/xsd/surefire-test-report.xsd" version="3.0.1" name="com.fbp.engine.FinalIntegrationTest" time="3.044" tests="7" errors="0" skipped="0" failures="0">
  <properties>
[...]
</properties>
  <testcase name="testAlertPathAccuracy" classname="com.fbp.engine.FinalIntegrationTest" time="0.006">
    <system-out><![CDATA[15:45:01.991 [main] INFO com.fbp.engine.core.FlowEngine -- [Engine] 플로우 'final-flow' 등록됨
[sensor] processing message
[filter] processing message
[normalCollector] processing message
[logger] processing message
15:45:01.992 [main] INFO com.fbp.engine.core.FlowEngine -- [Engine] 플로우 'final-flow' 시작됨
[15:45:01.992][logger] {temperature=15.4, unit=°C, __inPort=in, sensorId=sensor, timestamp=1776753901992}
[fileWriter] processing message
[sensor] processing message
[filter] processing message
[alert] processing message
[alertCollector] processing message
15:45:02.095 [pool-11-thread-3] INFO com.fbp.engine.node.impl.AlertNode -- [경고] 온도 센서 sensor : 33.6°C — 임계값 초과!
[sensor] processing message
[filter] processing message
[normalCollector] processing message
[logger] processing message
[15:45:02.196][logger] {temperature=28.6, unit=°C, __inPort=in, sensorId=sensor, timestamp=1776753902196}
[fileWriter] processing message
[sensor] processing message
[filter] processing message
[alert] processing message
[alertCollector] processing message
15:45:02.297 [pool-11-thread-3] INFO com.fbp.engine.node.impl.AlertNode -- [경고] 온도 센서 sensor : 41.6°C — 임계값 초과!
[sensor] processing message
[filter] processing message
[normalCollector] processing message
[logger] processing message
[15:45:02.398][logger] {temperature=19.4, unit=°C, __inPort=in, sensorId=sensor, timestamp=1776753902397}
[fileWriter] processing message
[sensor] processing message
[filter] processing message
[alertCollector] processing message
[alert] processing message
15:45:02.498 [pool-11-thread-3] INFO com.fbp.engine.node.impl.AlertNode -- [경고] 온도 센서 sensor : 37.9°C — 임계값 초과!
[sensor] processing message
[filter] processing message
[alert] processing message
[alertCollector] processing message
15:45:02.593 [pool-11-thread-3] INFO com.fbp.engine.node.impl.AlertNode -- [경고] 온도 센서 sensor : 44.0°C — 임계값 초과!
[sensor] processing message
[filter] processing message
[alert] processing message
[alertCollector] processing message
15:45:02.693 [pool-11-thread-3] INFO com.fbp.engine.node.impl.AlertNode -- [경고] 온도 센서 sensor : 39.6°C — 임계값 초과!
[sensor] processing message
[filter] processing message
[normalCollector] processing message
[logger] processing message
[15:45:02.797][logger] {temperature=26.1, unit=°C, __inPort=in, sensorId=sensor, timestamp=1776753902797}
[fileWriter] processing message
[sensor] processing message
[filter] processing message
[alert] processing message
[alertCollector] processing message
15:45:02.893 [pool-11-thread-3] INFO com.fbp.engine.node.impl.AlertNode -- [경고] 온도 센서 sensor : 37.0°C — 임계값 초과!
[sensor] processing message
[filter] processing message
[alertCollector] processing message
[alert] processing message
15:45:02.997 [pool-11-thread-3] INFO com.fbp.engine.node.impl.AlertNode -- [경고] 온도 센서 sensor : 35.7°C — 임계값 초과!
[sensor] processing message
[filter] processing message
[normalCollector] processing message
[logger] processing message
[15:45:03.097][logger] {temperature=30.0, unit=°C, __inPort=in, sensorId=sensor, timestamp=1776753903097}
[fileWriter] processing message
[sensor] processing message
[filter] processing message
[logger] processing message
[normalCollector] processing message
[15:45:03.197][logger] {temperature=21.9, unit=°C, __inPort=in, sensorId=sensor, timestamp=1776753903197}
[fileWriter] processing message
[sensor] processing message
[filter] processing message
[alert] processing message
[alertCollector] processing message
15:45:03.294 [pool-11-thread-3] INFO com.fbp.engine.node.impl.AlertNode -- [경고] 온도 센서 sensor : 41.3°C — 임계값 초과!
[sensor] processing message
[filter] processing message
[normalCollector] processing message
[logger] processing message
[15:45:03.398][logger] {temperature=21.4, unit=°C, __inPort=in, sensorId=sensor, timestamp=1776753903397}
[fileWriter] processing message
[sensor] processing message
[filter] processing message
[alert] processing message
[alertCollector] processing message
15:45:03.498 [pool-11-thread-3] INFO com.fbp.engine.node.impl.AlertNode -- [경고] 온도 센서 sensor : 34.5°C — 임계값 초과!
[sensor] processing message
[filter] processing message
[alertCollector] processing message
[alert] processing message
15:45:03.593 [pool-11-thread-3] INFO com.fbp.engine.node.impl.AlertNode -- [경고] 온도 센서 sensor : 42.4°C — 임계값 초과!
[sensor] processing message
[filter] processing message
[alertCollector] processing message
[alert] processing message
15:45:03.694 [pool-11-thread-3] INFO com.fbp.engine.node.impl.AlertNode -- [경고] 온도 센서 sensor : 32.3°C — 임계값 초과!
[sensor] processing message
[filter] processing message
[logger] processing message
[15:45:03.797][logger] {temperature=16.1, unit=°C, __inPort=in, sensorId=sensor, timestamp=1776753903797}
[normalCollector] processing message
[fileWriter] processing message
[sensor] processing message
[filter] processing message
[alert] processing message
[alertCollector] processing message
15:45:03.897 [pool-11-thread-3] INFO com.fbp.engine.node.impl.AlertNode -- [경고] 온도 센서 sensor : 40.7°C — 임계값 초과!
[sensor] processing message
[filter] processing message
[logger] processing message
[normalCollector] processing message
[15:45:03.997][logger] {temperature=19.1, unit=°C, __inPort=in, sensorId=sensor, timestamp=1776753903997}
[fileWriter] processing message
[sensor] processing message
[filter] processing message
[normalCollector] processing message
[logger] processing message
[15:45:04.094][logger] {temperature=22.8, unit=°C, __inPort=in, sensorId=sensor, timestamp=1776753904094}
[fileWriter] processing message
[sensor] processing message
[filter] processing message
[normalCollector] processing message
[logger] processing message
[15:45:04.196][logger] {temperature=29.9, unit=°C, __inPort=in, sensorId=sensor, timestamp=1776753904195}
[fileWriter] processing message
[sensor] processing message
[filter] processing message
[alert] processing message
[alertCollector] processing message
15:45:04.293 [pool-11-thread-3] INFO com.fbp.engine.node.impl.AlertNode -- [경고] 온도 센서 sensor : 34.1°C — 임계값 초과!
[sensor] processing message
[filter] processing message
[logger] processing message
[normalCollector] processing message
[15:45:04.395][logger] {temperature=18.4, unit=°C, __inPort=in, sensorId=sensor, timestamp=1776753904394}
[fileWriter] processing message
[sensor] processing message
[filter] processing message
[logger] processing message
[normalCollector] processing message
[15:45:04.494][logger] {temperature=18.9, unit=°C, __inPort=in, sensorId=sensor, timestamp=1776753904494}
[fileWriter] processing message
]]></system-out>
  </testcase>
  <testcase name="testTemperatureRange" classname="com.fbp.engine.FinalIntegrationTest" time="0.001"/>
  <testcase name="testBranchCompleteness" classname="com.fbp.engine.FinalIntegrationTest" time="0.001"/>
  <testcase name="testSensorDataFormat" classname="com.fbp.engine.FinalIntegrationTest" time="0.002"/>
  <testcase name="testNormalPathAccuracy" classname="com.fbp.engine.FinalIntegrationTest" time="0.001"/>
  <testcase name="testFileWriteVerification" classname="com.fbp.engine.FinalIntegrationTest" time="0.012"/>
  <testcase name="testEngineStatus" classname="com.fbp.engine.FinalIntegrationTest" time="0.001"/>
</testsuite>